<?xml version="1.0" encoding="UTF-8"?>
<!-- Generated by org.testng.reporters.JUnitReportReporter -->
<testsuite hostname="DESKTOP-V9TUSSJ" failures="0" tests="2" name="saucetest.SauceDemoTest" time="18.618" errors="0" timestamp="14 Nov 2022 03:31:33 GMT" skipped="0">
  <testcase classname="saucetest.SauceDemoTest" name="login" time="4.313"/>
  <testcase classname="saucetest.SauceDemoTest" name="cart" time="14.305"/>
</testsuite> <!-- saucetest.SauceDemoTest -->
